{"C:\\Users\\AM00514047\\git\\conversation-simple\\app.js":{"path":"C:\\Users\\AM00514047\\git\\conversation-simple\\app.js","s":{"1":1,"2":1,"3":1,"4":1,"5":1,"6":1,"7":1,"8":1,"9":0,"10":0,"11":0,"12":0,"13":0,"14":0,"15":0,"16":0,"17":1,"18":0,"19":0,"20":0,"21":0,"22":0,"23":0,"24":0,"25":0,"26":0,"27":0,"28":0,"29":0,"30":0,"31":1},"b":{"1":[0,0],"2":[0,0],"3":[0,0],"4":[0,0],"5":[0,0],"6":[0,0],"7":[0,0],"8":[0,0],"9":[0,0],"10":[0,0],"11":[0,0],"12":[0,0]},"f":{"1":0,"2":0,"3":0},"fnMap":{"1":{"name":"(anonymous_1)","line":39,"loc":{"start":{"line":39,"column":25},"end":{"line":39,"column":44}}},"2":{"name":"(anonymous_2)","line":55,"loc":{"start":{"line":55,"column":32},"end":{"line":55,"column":52}}},"3":{"name":"updateMessage","line":69,"loc":{"start":{"line":69,"column":0},"end":{"line":69,"column":40}}}},"statementMap":{"1":{"start":{"line":19,"column":0},"end":{"line":19,"column":33}},"2":{"start":{"line":20,"column":0},"end":{"line":20,"column":40}},"3":{"start":{"line":21,"column":0},"end":{"line":21,"column":69}},"4":{"start":{"line":23,"column":0},"end":{"line":23,"column":20}},"5":{"start":{"line":26,"column":0},"end":{"line":26,"column":36}},"6":{"start":{"line":27,"column":0},"end":{"line":27,"column":27}},"7":{"start":{"line":30,"column":0},"end":{"line":36,"column":3}},"8":{"start":{"line":39,"column":0},"end":{"line":61,"column":3}},"9":{"start":{"line":40,"column":2},"end":{"line":40,"column":63}},"10":{"start":{"line":41,"column":2},"end":{"line":47,"column":3}},"11":{"start":{"line":42,"column":4},"end":{"line":46,"column":7}},"12":{"start":{"line":48,"column":2},"end":{"line":52,"column":4}},"13":{"start":{"line":55,"column":2},"end":{"line":60,"column":5}},"14":{"start":{"line":56,"column":4},"end":{"line":58,"column":5}},"15":{"start":{"line":57,"column":6},"end":{"line":57,"column":51}},"16":{"start":{"line":59,"column":4},"end":{"line":59,"column":50}},"17":{"start":{"line":69,"column":0},"end":{"line":93,"column":1}},"18":{"start":{"line":70,"column":2},"end":{"line":70,"column":26}},"19":{"start":{"line":71,"column":2},"end":{"line":75,"column":3}},"20":{"start":{"line":72,"column":4},"end":{"line":72,"column":25}},"21":{"start":{"line":74,"column":4},"end":{"line":74,"column":20}},"22":{"start":{"line":76,"column":2},"end":{"line":90,"column":3}},"23":{"start":{"line":77,"column":4},"end":{"line":77,"column":37}},"24":{"start":{"line":83,"column":4},"end":{"line":89,"column":5}},"25":{"start":{"line":84,"column":6},"end":{"line":84,"column":69}},"26":{"start":{"line":85,"column":11},"end":{"line":89,"column":5}},"27":{"start":{"line":86,"column":6},"end":{"line":86,"column":64}},"28":{"start":{"line":88,"column":6},"end":{"line":88,"column":56}},"29":{"start":{"line":91,"column":2},"end":{"line":91,"column":38}},"30":{"start":{"line":92,"column":2},"end":{"line":92,"column":18}},"31":{"start":{"line":95,"column":0},"end":{"line":95,"column":21}}},"branchMap":{"1":{"line":40,"type":"binary-expr","locations":[{"start":{"line":40,"column":18},"end":{"line":40,"column":42}},{"start":{"line":40,"column":46},"end":{"line":40,"column":62}}]},"2":{"line":41,"type":"if","locations":[{"start":{"line":41,"column":2},"end":{"line":41,"column":2}},{"start":{"line":41,"column":2},"end":{"line":41,"column":2}}]},"3":{"line":41,"type":"binary-expr","locations":[{"start":{"line":41,"column":6},"end":{"line":41,"column":16}},{"start":{"line":41,"column":20},"end":{"line":41,"column":50}}]},"4":{"line":50,"type":"binary-expr","locations":[{"start":{"line":50,"column":13},"end":{"line":50,"column":29}},{"start":{"line":50,"column":33},"end":{"line":50,"column":35}}]},"5":{"line":51,"type":"binary-expr","locations":[{"start":{"line":51,"column":11},"end":{"line":51,"column":25}},{"start":{"line":51,"column":29},"end":{"line":51,"column":31}}]},"6":{"line":56,"type":"if","locations":[{"start":{"line":56,"column":4},"end":{"line":56,"column":4}},{"start":{"line":56,"column":4},"end":{"line":56,"column":4}}]},"7":{"line":57,"type":"binary-expr","locations":[{"start":{"line":57,"column":24},"end":{"line":57,"column":32}},{"start":{"line":57,"column":36},"end":{"line":57,"column":39}}]},"8":{"line":71,"type":"if","locations":[{"start":{"line":71,"column":2},"end":{"line":71,"column":2}},{"start":{"line":71,"column":2},"end":{"line":71,"column":2}}]},"9":{"line":76,"type":"if","locations":[{"start":{"line":76,"column":2},"end":{"line":76,"column":2}},{"start":{"line":76,"column":2},"end":{"line":76,"column":2}}]},"10":{"line":76,"type":"binary-expr","locations":[{"start":{"line":76,"column":6},"end":{"line":76,"column":22}},{"start":{"line":76,"column":26},"end":{"line":76,"column":45}}]},"11":{"line":83,"type":"if","locations":[{"start":{"line":83,"column":4},"end":{"line":83,"column":4}},{"start":{"line":83,"column":4},"end":{"line":83,"column":4}}]},"12":{"line":85,"type":"if","locations":[{"start":{"line":85,"column":11},"end":{"line":85,"column":11}},{"start":{"line":85,"column":11},"end":{"line":85,"column":11}}]}}}}